[6.088s] Invoking command in '/workspace/src/gantry': PYTHONPATH=/workspace/build/gantry/prefix_override:/usr/lib/python3/dist-packages/colcon_core/task/python/colcon_distutils_commands:/workspace/install/gantry/lib/python3.10/site-packages:${PYTHONPATH} /usr/bin/python3 -W ignore:setup.py install is deprecated setup.py egg_info --egg-base ../../build/gantry build --build-base /workspace/build/gantry/build install --record /workspace/build/gantry/install.log --single-version-externally-managed install_data
[8.790s] running egg_info
[8.805s] writing ../../build/gantry/gantry.egg-info/PKG-INFO
[8.826s] writing dependency_links to ../../build/gantry/gantry.egg-info/dependency_links.txt
[8.845s] writing entry points to ../../build/gantry/gantry.egg-info/entry_points.txt
[8.865s] writing requirements to ../../build/gantry/gantry.egg-info/requires.txt
[8.879s] writing top-level names to ../../build/gantry/gantry.egg-info/top_level.txt
[8.995s] reading manifest file '../../build/gantry/gantry.egg-info/SOURCES.txt'
[9.227s] writing manifest file '../../build/gantry/gantry.egg-info/SOURCES.txt'
[9.237s] running build
[9.242s] running build_py
[9.289s] copying gantry/template_node.py -> /workspace/build/gantry/build/lib/gantry
[9.377s] running install
[9.380s] running install_lib
[9.518s] copying /workspace/build/gantry/build/lib/gantry/template_node.py -> /workspace/install/gantry/lib/python3.10/site-packages/gantry
[9.798s] byte-compiling /workspace/install/gantry/lib/python3.10/site-packages/gantry/template_node.py to template_node.cpython-310.pyc
[9.975s] running install_data
[10.067s] running install_egg_info
[10.107s] removing '/workspace/install/gantry/lib/python3.10/site-packages/gantry-0.0.0-py3.10.egg-info' (and everything under it)
[10.328s] Copying ../../build/gantry/gantry.egg-info to /workspace/install/gantry/lib/python3.10/site-packages/gantry-0.0.0-py3.10.egg-info
[11.229s] running install_scripts
[11.468s] Installing py_test script to /workspace/install/gantry/lib/gantry
[11.517s] writing list of installed files to '/workspace/build/gantry/install.log'
[11.630s] Invoked command in '/workspace/src/gantry' returned '0': PYTHONPATH=/workspace/build/gantry/prefix_override:/usr/lib/python3/dist-packages/colcon_core/task/python/colcon_distutils_commands:/workspace/install/gantry/lib/python3.10/site-packages:${PYTHONPATH} /usr/bin/python3 -W ignore:setup.py install is deprecated setup.py egg_info --egg-base ../../build/gantry build --build-base /workspace/build/gantry/build install --record /workspace/build/gantry/install.log --single-version-externally-managed install_data
