running egg_info
creating ../../build/gantry/gantry.egg-info
writing ../../build/gantry/gantry.egg-info/PKG-INFO
writing dependency_links to ../../build/gantry/gantry.egg-info/dependency_links.txt
writing entry points to ../../build/gantry/gantry.egg-info/entry_points.txt
writing requirements to ../../build/gantry/gantry.egg-info/requires.txt
writing top-level names to ../../build/gantry/gantry.egg-info/top_level.txt
writing manifest file '../../build/gantry/gantry.egg-info/SOURCES.txt'
reading manifest file '../../build/gantry/gantry.egg-info/SOURCES.txt'
writing manifest file '../../build/gantry/gantry.egg-info/SOURCES.txt'
running build
running build_py
creating /workspace/build/gantry/build
creating /workspace/build/gantry/build/lib
creating /workspace/build/gantry/build/lib/gantry
copying gantry/template_node.py -> /workspace/build/gantry/build/lib/gantry
copying gantry/__init__.py -> /workspace/build/gantry/build/lib/gantry
running install
running install_lib
creating /workspace/install/gantry/lib/python3.10/site-packages/gantry
copying /workspace/build/gantry/build/lib/gantry/template_node.py -> /workspace/install/gantry/lib/python3.10/site-packages/gantry
copying /workspace/build/gantry/build/lib/gantry/__init__.py -> /workspace/install/gantry/lib/python3.10/site-packages/gantry
byte-compiling /workspace/install/gantry/lib/python3.10/site-packages/gantry/template_node.py to template_node.cpython-310.pyc
byte-compiling /workspace/install/gantry/lib/python3.10/site-packages/gantry/__init__.py to __init__.cpython-310.pyc
running install_data
creating /workspace/install/gantry/share/ament_index
creating /workspace/install/gantry/share/ament_index/resource_index
creating /workspace/install/gantry/share/ament_index/resource_index/packages
copying resource/gantry -> /workspace/install/gantry/share/ament_index/resource_index/packages
copying package.xml -> /workspace/install/gantry/share/gantry
running install_egg_info
Copying ../../build/gantry/gantry.egg-info to /workspace/install/gantry/lib/python3.10/site-packages/gantry-0.0.0-py3.10.egg-info
running install_scripts
Installing py_test script to /workspace/install/gantry/lib/gantry
writing list of installed files to '/workspace/build/gantry/install.log'
