[3.661s] Invoking command in '/workspace/src/gantry': PYTHONPATH=/workspace/build/gantry/prefix_override:/usr/lib/python3/dist-packages/colcon_core/task/python/colcon_distutils_commands:/workspace/install/gantry/lib/python3.10/site-packages:${PYTHONPATH} /usr/bin/python3 -W ignore:setup.py install is deprecated setup.py egg_info --egg-base ../../build/gantry build --build-base /workspace/build/gantry/build install --record /workspace/build/gantry/install.log --single-version-externally-managed install_data
[5.742s] running egg_info
[5.749s] creating ../../build/gantry/gantry.egg-info
[5.753s] writing ../../build/gantry/gantry.egg-info/PKG-INFO
[5.768s] writing dependency_links to ../../build/gantry/gantry.egg-info/dependency_links.txt
[5.784s] writing entry points to ../../build/gantry/gantry.egg-info/entry_points.txt
[5.796s] writing requirements to ../../build/gantry/gantry.egg-info/requires.txt
[5.804s] writing top-level names to ../../build/gantry/gantry.egg-info/top_level.txt
[5.825s] writing manifest file '../../build/gantry/gantry.egg-info/SOURCES.txt'
[5.905s] reading manifest file '../../build/gantry/gantry.egg-info/SOURCES.txt'
[6.080s] writing manifest file '../../build/gantry/gantry.egg-info/SOURCES.txt'
[6.089s] running build
[6.091s] running build_py
[6.105s] creating /workspace/build/gantry/build
[6.110s] creating /workspace/build/gantry/build/lib
[6.116s] creating /workspace/build/gantry/build/lib/gantry
[6.144s] copying gantry/template_node.py -> /workspace/build/gantry/build/lib/gantry
[6.198s] copying gantry/__init__.py -> /workspace/build/gantry/build/lib/gantry
[6.235s] running install
[6.237s] running install_lib
[6.295s] creating /workspace/install/gantry/lib/python3.10/site-packages/gantry
[6.341s] copying /workspace/build/gantry/build/lib/gantry/template_node.py -> /workspace/install/gantry/lib/python3.10/site-packages/gantry
[6.436s] copying /workspace/build/gantry/build/lib/gantry/__init__.py -> /workspace/install/gantry/lib/python3.10/site-packages/gantry
[6.528s] byte-compiling /workspace/install/gantry/lib/python3.10/site-packages/gantry/template_node.py to template_node.cpython-310.pyc
[6.638s] byte-compiling /workspace/install/gantry/lib/python3.10/site-packages/gantry/__init__.py to __init__.cpython-310.pyc
[6.729s] running install_data
[6.744s] creating /workspace/install/gantry/share/ament_index
[6.749s] creating /workspace/install/gantry/share/ament_index/resource_index
[6.756s] creating /workspace/install/gantry/share/ament_index/resource_index/packages
[6.781s] copying resource/gantry -> /workspace/install/gantry/share/ament_index/resource_index/packages
[6.831s] copying package.xml -> /workspace/install/gantry/share/gantry
[6.860s] running install_egg_info
[6.895s] Copying ../../build/gantry/gantry.egg-info to /workspace/install/gantry/lib/python3.10/site-packages/gantry-0.0.0-py3.10.egg-info
[7.506s] running install_scripts
[7.701s] Installing py_test script to /workspace/install/gantry/lib/gantry
[7.731s] writing list of installed files to '/workspace/build/gantry/install.log'
[7.792s] Invoked command in '/workspace/src/gantry' returned '0': PYTHONPATH=/workspace/build/gantry/prefix_override:/usr/lib/python3/dist-packages/colcon_core/task/python/colcon_distutils_commands:/workspace/install/gantry/lib/python3.10/site-packages:${PYTHONPATH} /usr/bin/python3 -W ignore:setup.py install is deprecated setup.py egg_info --egg-base ../../build/gantry build --build-base /workspace/build/gantry/build install --record /workspace/build/gantry/install.log --single-version-externally-managed install_data
